<?xml version="1.0" encoding="UTF-8"?>
<testng-results ignored="0" total="12" passed="11" failed="1" skipped="0">
  <reporter-output>
  </reporter-output>
  <suite started-at="2026-03-06T05:22:40 IST" name="Default suite" finished-at="2026-03-06T05:23:28 IST" duration-ms="47165">
    <groups>
      <group name="cucumber">
        <method signature="AbstractTestNGCucumberTests.runScenario(io.cucumber.testng.PickleWrapper,io.cucumber.testng.FeatureWrapper)[pri:0, instance:runner.MyRunner@fa4c865]" name="runScenario" class="io.cucumber.testng.AbstractTestNGCucumberTests"/>
      </group> <!-- cucumber -->
    </groups>
    <test started-at="2026-03-06T05:22:40 IST" name="Default test" finished-at="2026-03-06T05:23:28 IST" duration-ms="47165">
      <class name="runner.MyRunner">
        <test-method is-config="true" signature="setUpClass(org.testng.ITestContext)[pri:0, instance:runner.MyRunner@fa4c865]" started-at="2026-03-06T05:22:40 IST" name="setUpClass" finished-at="2026-03-06T05:22:41 IST" duration-ms="862" status="PASS">
          <params>
            <param index="0">
              <value>
                <![CDATA[org.testng.TestRunner@368d5c00]]>
              </value>
            </param>
          </params>
          <reporter-output>
          </reporter-output>
        </test-method> <!-- setUpClass -->
        <test-method signature="runScenario(io.cucumber.testng.PickleWrapper,io.cucumber.testng.FeatureWrapper)[pri:0, instance:runner.MyRunner@fa4c865]" started-at="2026-03-06T05:22:41 IST" name="runScenario" description="Runs Cucumber Scenarios" data-provider="scenarios" finished-at="2026-03-06T05:23:14 IST" duration-ms="32946" status="PASS">
          <params>
            <param index="0">
              <value>
                <![CDATA["login with valid credentials"]]>
              </value>
            </param>
            <param index="1">
              <value>
                <![CDATA["Login Functionality"]]>
              </value>
            </param>
          </params>
          <reporter-output>
          </reporter-output>
        </test-method> <!-- runScenario -->
        <test-method signature="runScenario(io.cucumber.testng.PickleWrapper,io.cucumber.testng.FeatureWrapper)[pri:0, instance:runner.MyRunner@fa4c865]" started-at="2026-03-06T05:22:41 IST" name="runScenario" description="Runs Cucumber Scenarios" data-provider="scenarios" finished-at="2026-03-06T05:23:18 IST" duration-ms="36428" status="PASS">
          <params>
            <param index="0">
              <value>
                <![CDATA["User creates an account with all fields"]]>
              </value>
            </param>
            <param index="1">
              <value>
                <![CDATA["Register Functionality"]]>
              </value>
            </param>
          </params>
          <reporter-output>
          </reporter-output>
        </test-method> <!-- runScenario -->
        <test-method signature="runScenario(io.cucumber.testng.PickleWrapper,io.cucumber.testng.FeatureWrapper)[pri:0, instance:runner.MyRunner@fa4c865]" started-at="2026-03-06T05:22:41 IST" name="runScenario" description="Runs Cucumber Scenarios" data-provider="scenarios" finished-at="2026-03-06T05:23:16 IST" duration-ms="34957" status="PASS">
          <params>
            <param index="0">
              <value>
                <![CDATA["login with invalid credentials"]]>
              </value>
            </param>
            <param index="1">
              <value>
                <![CDATA["Login Functionality"]]>
              </value>
            </param>
          </params>
          <reporter-output>
          </reporter-output>
        </test-method> <!-- runScenario -->
        <test-method signature="runScenario(io.cucumber.testng.PickleWrapper,io.cucumber.testng.FeatureWrapper)[pri:0, instance:runner.MyRunner@fa4c865]" started-at="2026-03-06T05:22:41 IST" name="runScenario" description="Runs Cucumber Scenarios" data-provider="scenarios" finished-at="2026-03-06T05:23:23 IST" duration-ms="41356" status="PASS">
          <params>
            <param index="0">
              <value>
                <![CDATA["User creates an account with mandatory fields"]]>
              </value>
            </param>
            <param index="1">
              <value>
                <![CDATA["Register Functionality"]]>
              </value>
            </param>
          </params>
          <reporter-output>
          </reporter-output>
        </test-method> <!-- runScenario -->
        <test-method signature="runScenario(io.cucumber.testng.PickleWrapper,io.cucumber.testng.FeatureWrapper)[pri:0, instance:runner.MyRunner@fa4c865]" started-at="2026-03-06T05:22:41 IST" name="runScenario" description="Runs Cucumber Scenarios" data-provider="scenarios" finished-at="2026-03-06T05:23:18 IST" duration-ms="36493" status="PASS">
          <params>
            <param index="0">
              <value>
                <![CDATA["login with valid email and invalid password"]]>
              </value>
            </param>
            <param index="1">
              <value>
                <![CDATA["Login Functionality"]]>
              </value>
            </param>
          </params>
          <reporter-output>
          </reporter-output>
        </test-method> <!-- runScenario -->
        <test-method signature="runScenario(io.cucumber.testng.PickleWrapper,io.cucumber.testng.FeatureWrapper)[pri:0, instance:runner.MyRunner@fa4c865]" started-at="2026-03-06T05:22:41 IST" name="runScenario" description="Runs Cucumber Scenarios" data-provider="scenarios" finished-at="2026-03-06T05:23:13 IST" duration-ms="31525" status="PASS">
          <params>
            <param index="0">
              <value>
                <![CDATA["user creates an account without filling any fields"]]>
              </value>
            </param>
            <param index="1">
              <value>
                <![CDATA["Register Functionality"]]>
              </value>
            </param>
          </params>
          <reporter-output>
          </reporter-output>
        </test-method> <!-- runScenario -->
        <test-method signature="runScenario(io.cucumber.testng.PickleWrapper,io.cucumber.testng.FeatureWrapper)[pri:0, instance:runner.MyRunner@fa4c865]" started-at="2026-03-06T05:22:41 IST" name="runScenario" description="Runs Cucumber Scenarios" data-provider="scenarios" finished-at="2026-03-06T05:23:12 IST" duration-ms="30195" status="PASS">
          <params>
            <param index="0">
              <value>
                <![CDATA["login without providing any credentials"]]>
              </value>
            </param>
            <param index="1">
              <value>
                <![CDATA["Login Functionality"]]>
              </value>
            </param>
          </params>
          <reporter-output>
          </reporter-output>
        </test-method> <!-- runScenario -->
        <test-method signature="runScenario(io.cucumber.testng.PickleWrapper,io.cucumber.testng.FeatureWrapper)[pri:0, instance:runner.MyRunner@fa4c865]" started-at="2026-03-06T05:22:41 IST" name="runScenario" description="Runs Cucumber Scenarios" data-provider="scenarios" finished-at="2026-03-06T05:23:16 IST" duration-ms="34889" status="PASS">
          <params>
            <param index="0">
              <value>
                <![CDATA["User creates a duplicate account"]]>
              </value>
            </param>
            <param index="1">
              <value>
                <![CDATA["Register Functionality"]]>
              </value>
            </param>
          </params>
          <reporter-output>
          </reporter-output>
        </test-method> <!-- runScenario -->
        <test-method signature="runScenario(io.cucumber.testng.PickleWrapper,io.cucumber.testng.FeatureWrapper)[pri:0, instance:runner.MyRunner@fa4c865]" started-at="2026-03-06T05:22:41 IST" name="runScenario" description="Runs Cucumber Scenarios" data-provider="scenarios" finished-at="2026-03-06T05:23:15 IST" duration-ms="33990" status="FAIL">
          <params>
            <param index="0">
              <value>
                <![CDATA["User searches for a valid product"]]>
              </value>
            </param>
            <param index="1">
              <value>
                <![CDATA["Search functionality"]]>
              </value>
            </param>
          </params>
          <exception class="java.lang.AssertionError">
            <full-stacktrace>
              <![CDATA[java.lang.AssertionError
at org.junit.Assert.fail(Assert.java:87)
at org.junit.Assert.assertTrue(Assert.java:42)
at org.junit.Assert.assertFalse(Assert.java:65)
at org.junit.Assert.assertFalse(Assert.java:75)
at stepDefinitions.Searchsteps.user_should_get_valid_product_displayed_in_search_results(Searchsteps.java:50)
at ✽.User should get valid product displayed in search results(file:///C:/Users/SATEESH%20SALADI/eclipse-workspace/CucumberProject/src/test/resources/features/Search.feature:7)
]]>
            </full-stacktrace>
          </exception> <!-- java.lang.AssertionError -->
          <reporter-output>
          </reporter-output>
        </test-method> <!-- runScenario -->
        <test-method signature="runScenario(io.cucumber.testng.PickleWrapper,io.cucumber.testng.FeatureWrapper)[pri:0, instance:runner.MyRunner@fa4c865]" started-at="2026-03-06T05:22:41 IST" name="runScenario" description="Runs Cucumber Scenarios" data-provider="scenarios" finished-at="2026-03-06T05:23:15 IST" duration-ms="33221" status="PASS">
          <params>
            <param index="0">
              <value>
                <![CDATA["login with invalid email and valid password"]]>
              </value>
            </param>
            <param index="1">
              <value>
                <![CDATA["Login Functionality"]]>
              </value>
            </param>
          </params>
          <reporter-output>
          </reporter-output>
        </test-method> <!-- runScenario -->
        <test-method signature="runScenario(io.cucumber.testng.PickleWrapper,io.cucumber.testng.FeatureWrapper)[pri:0, instance:runner.MyRunner@fa4c865]" started-at="2026-03-06T05:23:12 IST" name="runScenario" description="Runs Cucumber Scenarios" data-provider="scenarios" finished-at="2026-03-06T05:23:24 IST" duration-ms="11993" status="PASS">
          <params>
            <param index="0">
              <value>
                <![CDATA["User searches for an invalid product"]]>
              </value>
            </param>
            <param index="1">
              <value>
                <![CDATA["Search functionality"]]>
              </value>
            </param>
          </params>
          <reporter-output>
          </reporter-output>
        </test-method> <!-- runScenario -->
        <test-method signature="runScenario(io.cucumber.testng.PickleWrapper,io.cucumber.testng.FeatureWrapper)[pri:0, instance:runner.MyRunner@fa4c865]" started-at="2026-03-06T05:23:13 IST" name="runScenario" description="Runs Cucumber Scenarios" data-provider="scenarios" finished-at="2026-03-06T05:23:23 IST" duration-ms="10348" status="PASS">
          <params>
            <param index="0">
              <value>
                <![CDATA["User searches without any product"]]>
              </value>
            </param>
            <param index="1">
              <value>
                <![CDATA["Search functionality"]]>
              </value>
            </param>
          </params>
          <reporter-output>
          </reporter-output>
        </test-method> <!-- runScenario -->
        <test-method is-config="true" signature="tearDownClass()[pri:0, instance:runner.MyRunner@fa4c865]" started-at="2026-03-06T05:23:24 IST" name="tearDownClass" finished-at="2026-03-06T05:23:28 IST" duration-ms="3722" status="PASS">
          <reporter-output>
          </reporter-output>
        </test-method> <!-- tearDownClass -->
      </class> <!-- runner.MyRunner -->
    </test> <!-- Default test -->
  </suite> <!-- Default suite -->
</testng-results>
